-------------------------------------------------------------------------------
Test set: adt.avltree.StudentAVLTest
-------------------------------------------------------------------------------
Tests run: 3, Failures: 0, Errors: 1, Skipped: 0, Time elapsed: 0.063 sec <<< FAILURE!
testRemove(adt.avltree.StudentAVLTest)  Time elapsed: 0.018 sec  <<< ERROR!
java.lang.StackOverflowError
	at adt.bst.BSTImpl.size(BSTImpl.java:201)
	at adt.bst.BSTImpl.size(BSTImpl.java:202)
	at adt.bst.BSTImpl.size(BSTImpl.java:201)
	at adt.bst.BSTImpl.size(BSTImpl.java:202)
	at adt.bst.BSTImpl.size(BSTImpl.java:202)
	at adt.bst.BSTImpl.size(BSTImpl.java:201)
	at adt.bst.BSTImpl.size(BSTImpl.java:202)
	at adt.bst.BSTImpl.size(BSTImpl.java:202)
	at adt.bst.BSTImpl.size(BSTImpl.java:201)
	at adt.bst.BSTImpl.size(BSTImpl.java:202)
	at adt.bst.BSTImpl.size(BSTImpl.java:202)
	at adt.bst.BSTImpl.size(BSTImpl.java:201)
	at adt.bst.BSTImpl.size(BSTImpl.java:202)
	at adt.bst.BSTImpl.size(BSTImpl.java:202)
	at adt.bst.BSTImpl.size(BSTImpl.java:201)
	at adt.bst.BSTImpl.size(BSTImpl.java:202)
	at adt.bst.BSTImpl.size(BSTImpl.java:202)
	at adt.bst.BSTImpl.size(BSTImpl.java:201)
	at adt.bst.BSTImpl.size(BSTImpl.java:202)
	at adt.bst.BSTImpl.size(BSTImpl.java:202)
	at adt.bst.BSTImpl.size(BSTImpl.java:201)
	at adt.bst.BSTImpl.size(BSTImpl.java:202)
	at adt.bst.BSTImpl.size(BSTImpl.java:202)
	at adt.bst.BSTImpl.size(BSTImpl.java:201)
	at adt.bst.BSTImpl.size(BSTImpl.java:202)
	at adt.bst.BSTImpl.size(BSTImpl.java:202)
	at adt.bst.BSTImpl.size(BSTImpl.java:201)
	at adt.bst.BSTImpl.size(BSTImpl.java:202)
	at adt.bst.BSTImpl.size(BSTImpl.java:202)
	at adt.bst.BSTImpl.size(BSTImpl.java:201)
	at adt.bst.BSTImpl.size(BSTImpl.java:202)
	at adt.bst.BSTImpl.size(BSTImpl.java:202)
	at adt.bst.BSTImpl.size(BSTImpl.java:201)
	at adt.bst.BSTImpl.size(BSTImpl.java:202)
	at adt.bst.BSTImpl.size(BSTImpl.java:202)
	at adt.bst.BSTImpl.size(BSTImpl.java:201)
	at adt.bst.BSTImpl.size(BSTImpl.java:202)
	at adt.bst.BSTImpl.size(BSTImpl.java:202)
	at adt.bst.BSTImpl.size(BSTImpl.java:201)
	at adt.bst.BSTImpl.size(BSTImpl.java:202)
	at adt.bst.BSTImpl.size(BSTImpl.java:202)
	at adt.bst.BSTImpl.size(BSTImpl.java:201)
	at adt.bst.BSTImpl.size(BSTImpl.java:202)
	at adt.bst.BSTImpl.size(BSTImpl.java:202)
	at adt.bst.BSTImpl.size(BSTImpl.java:201)
	at adt.bst.BSTImpl.size(BSTImpl.java:202)
	at adt.bst.BSTImpl.size(BSTImpl.java:202)
	at adt.bst.BSTImpl.size(BSTImpl.java:201)
	at adt.bst.BSTImpl.size(BSTImpl.java:202)
	at adt.bst.BSTImpl.size(BSTImpl.java:202)
	at adt.bst.BSTImpl.size(BSTImpl.java:201)
	at adt.bst.BSTImpl.size(BSTImpl.java:202)
	at adt.bst.BSTImpl.size(BSTImpl.java:202)
	at adt.bst.BSTImpl.size(BSTImpl.java:201)
	at adt.bst.BSTImpl.size(BSTImpl.java:202)
	at adt.bst.BSTImpl.size(BSTImpl.java:202)
	at adt.bst.BSTImpl.size(BSTImpl.java:201)
	at adt.bst.BSTImpl.size(BSTImpl.java:202)
	at adt.bst.BSTImpl.size(BSTImpl.java:202)
	at adt.bst.BSTImpl.size(BSTImpl.java:201)
	at adt.bst.BSTImpl.size(BSTImpl.java:202)
	at adt.bst.BSTImpl.size(BSTImpl.java:202)
	at adt.bst.BSTImpl.size(BSTImpl.java:201)
	at adt.bst.BSTImpl.size(BSTImpl.java:202)
	at adt.bst.BSTImpl.size(BSTImpl.java:202)
	at adt.bst.BSTImpl.size(BSTImpl.java:201)
	at adt.bst.BSTImpl.size(BSTImpl.java:202)
	at adt.bst.BSTImpl.size(BSTImpl.java:202)
	at adt.bst.BSTImpl.size(BSTImpl.java:201)
	at adt.bst.BSTImpl.size(BSTImpl.java:202)
	at adt.bst.BSTImpl.size(BSTImpl.java:202)
	at adt.bst.BSTImpl.size(BSTImpl.java:201)
	at adt.bst.BSTImpl.size(BSTImpl.java:202)
	at adt.bst.BSTImpl.size(BSTImpl.java:202)
	at adt.bst.BSTImpl.size(BSTImpl.java:201)
	at adt.bst.BSTImpl.size(BSTImpl.java:202)
	at adt.bst.BSTImpl.size(BSTImpl.java:202)
	at adt.bst.BSTImpl.size(BSTImpl.java:201)
	at adt.bst.BSTImpl.size(BSTImpl.java:202)
	at adt.bst.BSTImpl.size(BSTImpl.java:202)
	at adt.bst.BSTImpl.size(BSTImpl.java:201)
	at adt.bst.BSTImpl.size(BSTImpl.java:202)
	at adt.bst.BSTImpl.size(BSTImpl.java:202)
	at adt.bst.BSTImpl.size(BSTImpl.java:201)
	at adt.bst.BSTImpl.size(BSTImpl.java:202)
	at adt.bst.BSTImpl.size(BSTImpl.java:202)
	at adt.bst.BSTImpl.size(BSTImpl.java:201)
	at adt.bst.BSTImpl.size(BSTImpl.java:202)
	at adt.bst.BSTImpl.size(BSTImpl.java:202)
	at adt.bst.BSTImpl.size(BSTImpl.java:201)
	at adt.bst.BSTImpl.size(BSTImpl.java:202)
	at adt.bst.BSTImpl.size(BSTImpl.java:202)
	at adt.bst.BSTImpl.size(BSTImpl.java:201)
	at adt.bst.BSTImpl.size(BSTImpl.java:202)
	at adt.bst.BSTImpl.size(BSTImpl.java:202)
	at adt.bst.BSTImpl.size(BSTImpl.java:201)
	at adt.bst.BSTImpl.size(BSTImpl.java:202)
	at adt.bst.BSTImpl.size(BSTImpl.java:202)
	at adt.bst.BSTImpl.size(BSTImpl.java:201)
	at adt.bst.BSTImpl.size(BSTImpl.java:202)
	at adt.bst.BSTImpl.size(BSTImpl.java:202)
	at adt.bst.BSTImpl.size(BSTImpl.java:201)
	at adt.bst.BSTImpl.size(BSTImpl.java:202)
	at adt.bst.BSTImpl.size(BSTImpl.java:202)
	at adt.bst.BSTImpl.size(BSTImpl.java:201)
	at adt.bst.BSTImpl.size(BSTImpl.java:202)
	at adt.bst.BSTImpl.size(BSTImpl.java:202)
	at adt.bst.BSTImpl.size(BSTImpl.java:201)
	at adt.bst.BSTImpl.size(BSTImpl.java:202)
	at adt.bst.BSTImpl.size(BSTImpl.java:202)
	at adt.bst.BSTImpl.size(BSTImpl.java:201)
	at adt.bst.BSTImpl.size(BSTImpl.java:202)
	at adt.bst.BSTImpl.size(BSTImpl.java:202)
	at adt.bst.BSTImpl.size(BSTImpl.java:201)
	at adt.bst.BSTImpl.size(BSTImpl.java:202)
	at adt.bst.BSTImpl.size(BSTImpl.java:202)
	at adt.bst.BSTImpl.size(BSTImpl.java:201)
	at adt.bst.BSTImpl.size(BSTImpl.java:202)
	at adt.bst.BSTImpl.size(BSTImpl.java:202)
	at adt.bst.BSTImpl.size(BSTImpl.java:201)
	at adt.bst.BSTImpl.size(BSTImpl.java:202)
	at adt.bst.BSTImpl.size(BSTImpl.java:202)
	at adt.bst.BSTImpl.size(BSTImpl.java:201)
	at adt.bst.BSTImpl.size(BSTImpl.java:202)
	at adt.bst.BSTImpl.size(BSTImpl.java:202)
	at adt.bst.BSTImpl.size(BSTImpl.java:201)
	at adt.bst.BSTImpl.size(BSTImpl.java:202)
	at adt.bst.BSTImpl.size(BSTImpl.java:202)
	at adt.bst.BSTImpl.size(BSTImpl.java:201)
	at adt.bst.BSTImpl.size(BSTImpl.java:202)
	at adt.bst.BSTImpl.size(BSTImpl.java:202)
	at adt.bst.BSTImpl.size(BSTImpl.java:201)
	at adt.bst.BSTImpl.size(BSTImpl.java:202)
	at adt.bst.BSTImpl.size(BSTImpl.java:202)
	at adt.bst.BSTImpl.size(BSTImpl.java:201)
	at adt.bst.BSTImpl.size(BSTImpl.java:202)
	at adt.bst.BSTImpl.size(BSTImpl.java:202)
	at adt.bst.BSTImpl.size(BSTImpl.java:201)
	at adt.bst.BSTImpl.size(BSTImpl.java:202)
	at adt.bst.BSTImpl.size(BSTImpl.java:202)
	at adt.bst.BSTImpl.size(BSTImpl.java:201)
	at adt.bst.BSTImpl.size(BSTImpl.java:202)
	at adt.bst.BSTImpl.size(BSTImpl.java:202)
	at adt.bst.BSTImpl.size(BSTImpl.java:201)
	at adt.bst.BSTImpl.size(BSTImpl.java:202)
	at adt.bst.BSTImpl.size(BSTImpl.java:202)
	at adt.bst.BSTImpl.size(BSTImpl.java:201)
	at adt.bst.BSTImpl.size(BSTImpl.java:202)
	at adt.bst.BSTImpl.size(BSTImpl.java:202)
	at adt.bst.BSTImpl.size(BSTImpl.java:201)
	at adt.bst.BSTImpl.size(BSTImpl.java:202)
	at adt.bst.BSTImpl.size(BSTImpl.java:202)
	at adt.bst.BSTImpl.size(BSTImpl.java:201)
	at adt.bst.BSTImpl.size(BSTImpl.java:202)
	at adt.bst.BSTImpl.size(BSTImpl.java:202)
	at adt.bst.BSTImpl.size(BSTImpl.java:201)
	at adt.bst.BSTImpl.size(BSTImpl.java:202)
	at adt.bst.BSTImpl.size(BSTImpl.java:202)
	at adt.bst.BSTImpl.size(BSTImpl.java:201)
	at adt.bst.BSTImpl.size(BSTImpl.java:202)
	at adt.bst.BSTImpl.size(BSTImpl.java:202)
	at adt.bst.BSTImpl.size(BSTImpl.java:201)
	at adt.bst.BSTImpl.size(BSTImpl.java:202)
	at adt.bst.BSTImpl.size(BSTImpl.java:202)
	at adt.bst.BSTImpl.size(BSTImpl.java:201)
	at adt.bst.BSTImpl.size(BSTImpl.java:202)
	at adt.bst.BSTImpl.size(BSTImpl.java:202)
	at adt.bst.BSTImpl.size(BSTImpl.java:201)
	at adt.bst.BSTImpl.size(BSTImpl.java:202)
	at adt.bst.BSTImpl.size(BSTImpl.java:202)
	at adt.bst.BSTImpl.size(BSTImpl.java:201)
	at adt.bst.BSTImpl.size(BSTImpl.java:202)
	at adt.bst.BSTImpl.size(BSTImpl.java:202)
	at adt.bst.BSTImpl.size(BSTImpl.java:201)
	at adt.bst.BSTImpl.size(BSTImpl.java:202)
	at adt.bst.BSTImpl.size(BSTImpl.java:202)
	at adt.bst.BSTImpl.size(BSTImpl.java:201)
	at adt.bst.BSTImpl.size(BSTImpl.java:202)
	at adt.bst.BSTImpl.size(BSTImpl.java:202)
	at adt.bst.BSTImpl.size(BSTImpl.java:201)
	at adt.bst.BSTImpl.size(BSTImpl.java:202)
	at adt.bst.BSTImpl.size(BSTImpl.java:202)
	at adt.bst.BSTImpl.size(BSTImpl.java:201)
	at adt.bst.BSTImpl.size(BSTImpl.java:202)
	at adt.bst.BSTImpl.size(BSTImpl.java:202)
	at adt.bst.BSTImpl.size(BSTImpl.java:201)
	at adt.bst.BSTImpl.size(BSTImpl.java:202)
	at adt.bst.BSTImpl.size(BSTImpl.java:202)
	at adt.bst.BSTImpl.size(BSTImpl.java:201)
	at adt.bst.BSTImpl.size(BSTImpl.java:202)
	at adt.bst.BSTImpl.size(BSTImpl.java:202)
	at adt.bst.BSTImpl.size(BSTImpl.java:201)
	at adt.bst.BSTImpl.size(BSTImpl.java:202)
	at adt.bst.BSTImpl.size(BSTImpl.java:202)
	at adt.bst.BSTImpl.size(BSTImpl.java:201)
	at adt.bst.BSTImpl.size(BSTImpl.java:202)
	at adt.bst.BSTImpl.size(BSTImpl.java:202)
	at adt.bst.BSTImpl.size(BSTImpl.java:201)
	at adt.bst.BSTImpl.size(BSTImpl.java:202)
	at adt.bst.BSTImpl.size(BSTImpl.java:202)
	at adt.bst.BSTImpl.size(BSTImpl.java:201)
	at adt.bst.BSTImpl.size(BSTImpl.java:202)
	at adt.bst.BSTImpl.size(BSTImpl.java:202)
	at adt.bst.BSTImpl.size(BSTImpl.java:201)
	at adt.bst.BSTImpl.size(BSTImpl.java:202)
	at adt.bst.BSTImpl.size(BSTImpl.java:202)
	at adt.bst.BSTImpl.size(BSTImpl.java:201)
	at adt.bst.BSTImpl.size(BSTImpl.java:202)
	at adt.bst.BSTImpl.size(BSTImpl.java:202)
	at adt.bst.BSTImpl.size(BSTImpl.java:201)
	at adt.bst.BSTImpl.size(BSTImpl.java:202)
	at adt.bst.BSTImpl.size(BSTImpl.java:202)
	at adt.bst.BSTImpl.size(BSTImpl.java:201)
	at adt.bst.BSTImpl.size(BSTImpl.java:202)
	at adt.bst.BSTImpl.size(BSTImpl.java:202)
	at adt.bst.BSTImpl.size(BSTImpl.java:201)
	at adt.bst.BSTImpl.size(BSTImpl.java:202)
	at adt.bst.BSTImpl.size(BSTImpl.java:202)
	at adt.bst.BSTImpl.size(BSTImpl.java:201)
	at adt.bst.BSTImpl.size(BSTImpl.java:202)
	at adt.bst.BSTImpl.size(BSTImpl.java:202)
	at adt.bst.BSTImpl.size(BSTImpl.java:201)
	at adt.bst.BSTImpl.size(BSTImpl.java:202)
	at adt.bst.BSTImpl.size(BSTImpl.java:202)
	at adt.bst.BSTImpl.size(BSTImpl.java:201)
	at adt.bst.BSTImpl.size(BSTImpl.java:202)
	at adt.bst.BSTImpl.size(BSTImpl.java:202)
	at adt.bst.BSTImpl.size(BSTImpl.java:201)
	at adt.bst.BSTImpl.size(BSTImpl.java:202)
	at adt.bst.BSTImpl.size(BSTImpl.java:202)
	at adt.bst.BSTImpl.size(BSTImpl.java:201)
	at adt.bst.BSTImpl.size(BSTImpl.java:202)
	at adt.bst.BSTImpl.size(BSTImpl.java:202)
	at adt.bst.BSTImpl.size(BSTImpl.java:201)
	at adt.bst.BSTImpl.size(BSTImpl.java:202)
	at adt.bst.BSTImpl.size(BSTImpl.java:202)
	at adt.bst.BSTImpl.size(BSTImpl.java:201)
	at adt.bst.BSTImpl.size(BSTImpl.java:202)
	at adt.bst.BSTImpl.size(BSTImpl.java:202)
	at adt.bst.BSTImpl.size(BSTImpl.java:201)
	at adt.bst.BSTImpl.size(BSTImpl.java:202)
	at adt.bst.BSTImpl.size(BSTImpl.java:202)
	at adt.bst.BSTImpl.size(BSTImpl.java:201)
	at adt.bst.BSTImpl.size(BSTImpl.java:202)
	at adt.bst.BSTImpl.size(BSTImpl.java:202)
	at adt.bst.BSTImpl.size(BSTImpl.java:201)
	at adt.bst.BSTImpl.size(BSTImpl.java:202)
	at adt.bst.BSTImpl.size(BSTImpl.java:202)
	at adt.bst.BSTImpl.size(BSTImpl.java:201)
	at adt.bst.BSTImpl.size(BSTImpl.java:202)
	at adt.bst.BSTImpl.size(BSTImpl.java:202)
	at adt.bst.BSTImpl.size(BSTImpl.java:201)
	at adt.bst.BSTImpl.size(BSTImpl.java:202)
	at adt.bst.BSTImpl.size(BSTImpl.java:202)
	at adt.bst.BSTImpl.size(BSTImpl.java:201)
	at adt.bst.BSTImpl.size(BSTImpl.java:202)
	at adt.bst.BSTImpl.size(BSTImpl.java:202)
	at adt.bst.BSTImpl.size(BSTImpl.java:201)
	at adt.bst.BSTImpl.size(BSTImpl.java:202)
	at adt.bst.BSTImpl.size(BSTImpl.java:202)
	at adt.bst.BSTImpl.size(BSTImpl.java:201)
	at adt.bst.BSTImpl.size(BSTImpl.java:202)
	at adt.bst.BSTImpl.size(BSTImpl.java:202)
	at adt.bst.BSTImpl.size(BSTImpl.java:201)
	at adt.bst.BSTImpl.size(BSTImpl.java:202)
	at adt.bst.BSTImpl.size(BSTImpl.java:202)
	at adt.bst.BSTImpl.size(BSTImpl.java:201)
	at adt.bst.BSTImpl.size(BSTImpl.java:202)
	at adt.bst.BSTImpl.size(BSTImpl.java:202)
	at adt.bst.BSTImpl.size(BSTImpl.java:201)
	at adt.bst.BSTImpl.size(BSTImpl.java:202)
	at adt.bst.BSTImpl.size(BSTImpl.java:202)
	at adt.bst.BSTImpl.size(BSTImpl.java:201)
	at adt.bst.BSTImpl.size(BSTImpl.java:202)
	at adt.bst.BSTImpl.size(BSTImpl.java:202)
	at adt.bst.BSTImpl.size(BSTImpl.java:201)
	at adt.bst.BSTImpl.size(BSTImpl.java:202)
	at adt.bst.BSTImpl.size(BSTImpl.java:202)
	at adt.bst.BSTImpl.size(BSTImpl.java:201)
	at adt.bst.BSTImpl.size(BSTImpl.java:202)
	at adt.bst.BSTImpl.size(BSTImpl.java:202)
	at adt.bst.BSTImpl.size(BSTImpl.java:201)
	at adt.bst.BSTImpl.size(BSTImpl.java:202)
	at adt.bst.BSTImpl.size(BSTImpl.java:202)
	at adt.bst.BSTImpl.size(BSTImpl.java:201)
	at adt.bst.BSTImpl.size(BSTImpl.java:202)
	at adt.bst.BSTImpl.size(BSTImpl.java:202)
	at adt.bst.BSTImpl.size(BSTImpl.java:201)
	at adt.bst.BSTImpl.size(BSTImpl.java:202)
	at adt.bst.BSTImpl.size(BSTImpl.java:202)
	at adt.bst.BSTImpl.size(BSTImpl.java:201)
	at adt.bst.BSTImpl.size(BSTImpl.java:202)
	at adt.bst.BSTImpl.size(BSTImpl.java:202)
	at adt.bst.BSTImpl.size(BSTImpl.java:201)
	at adt.bst.BSTImpl.size(BSTImpl.java:202)
	at adt.bst.BSTImpl.size(BSTImpl.java:202)
	at adt.bst.BSTImpl.size(BSTImpl.java:201)
	at adt.bst.BSTImpl.size(BSTImpl.java:202)
	at adt.bst.BSTImpl.size(BSTImpl.java:202)
	at adt.bst.BSTImpl.size(BSTImpl.java:201)
	at adt.bst.BSTImpl.size(BSTImpl.java:202)
	at adt.bst.BSTImpl.size(BSTImpl.java:202)
	at adt.bst.BSTImpl.size(BSTImpl.java:201)
	at adt.bst.BSTImpl.size(BSTImpl.java:202)
	at adt.bst.BSTImpl.size(BSTImpl.java:202)
	at adt.bst.BSTImpl.size(BSTImpl.java:201)
	at adt.bst.BSTImpl.size(BSTImpl.java:202)
	at adt.bst.BSTImpl.size(BSTImpl.java:202)
	at adt.bst.BSTImpl.size(BSTImpl.java:201)
	at adt.bst.BSTImpl.size(BSTImpl.java:202)
	at adt.bst.BSTImpl.size(BSTImpl.java:202)
	at adt.bst.BSTImpl.size(BSTImpl.java:201)
	at adt.bst.BSTImpl.size(BSTImpl.java:202)
	at adt.bst.BSTImpl.size(BSTImpl.java:202)
	at adt.bst.BSTImpl.size(BSTImpl.java:201)
	at adt.bst.BSTImpl.size(BSTImpl.java:202)
	at adt.bst.BSTImpl.size(BSTImpl.java:202)
	at adt.bst.BSTImpl.size(BSTImpl.java:201)
	at adt.bst.BSTImpl.size(BSTImpl.java:202)
	at adt.bst.BSTImpl.size(BSTImpl.java:202)
	at adt.bst.BSTImpl.size(BSTImpl.java:201)
	at adt.bst.BSTImpl.size(BSTImpl.java:202)
	at adt.bst.BSTImpl.size(BSTImpl.java:202)
	at adt.bst.BSTImpl.size(BSTImpl.java:201)
	at adt.bst.BSTImpl.size(BSTImpl.java:202)
	at adt.bst.BSTImpl.size(BSTImpl.java:202)
	at adt.bst.BSTImpl.size(BSTImpl.java:201)
	at adt.bst.BSTImpl.size(BSTImpl.java:202)
	at adt.bst.BSTImpl.size(BSTImpl.java:202)
	at adt.bst.BSTImpl.size(BSTImpl.java:201)
	at adt.bst.BSTImpl.size(BSTImpl.java:202)
	at adt.bst.BSTImpl.size(BSTImpl.java:202)
	at adt.bst.BSTImpl.size(BSTImpl.java:201)
	at adt.bst.BSTImpl.size(BSTImpl.java:202)
	at adt.bst.BSTImpl.size(BSTImpl.java:202)
	at adt.bst.BSTImpl.size(BSTImpl.java:201)
	at adt.bst.BSTImpl.size(BSTImpl.java:202)
	at adt.bst.BSTImpl.size(BSTImpl.java:202)
	at adt.bst.BSTImpl.size(BSTImpl.java:201)
	at adt.bst.BSTImpl.size(BSTImpl.java:202)
	at adt.bst.BSTImpl.size(BSTImpl.java:202)
	at adt.bst.BSTImpl.size(BSTImpl.java:201)
	at adt.bst.BSTImpl.size(BSTImpl.java:202)
	at adt.bst.BSTImpl.size(BSTImpl.java:202)
	at adt.bst.BSTImpl.size(BSTImpl.java:201)
	at adt.bst.BSTImpl.size(BSTImpl.java:202)
	at adt.bst.BSTImpl.size(BSTImpl.java:202)
	at adt.bst.BSTImpl.size(BSTImpl.java:201)
	at adt.bst.BSTImpl.size(BSTImpl.java:202)
	at adt.bst.BSTImpl.size(BSTImpl.java:202)
	at adt.bst.BSTImpl.size(BSTImpl.java:201)
	at adt.bst.BSTImpl.size(BSTImpl.java:202)
	at adt.bst.BSTImpl.size(BSTImpl.java:202)
	at adt.bst.BSTImpl.size(BSTImpl.java:201)
	at adt.bst.BSTImpl.size(BSTImpl.java:202)
	at adt.bst.BSTImpl.size(BSTImpl.java:202)
	at adt.bst.BSTImpl.size(BSTImpl.java:201)
	at adt.bst.BSTImpl.size(BSTImpl.java:202)
	at adt.bst.BSTImpl.size(BSTImpl.java:202)
	at adt.bst.BSTImpl.size(BSTImpl.java:201)
	at adt.bst.BSTImpl.size(BSTImpl.java:202)
	at adt.bst.BSTImpl.size(BSTImpl.java:202)
	at adt.bst.BSTImpl.size(BSTImpl.java:201)
	at adt.bst.BSTImpl.size(BSTImpl.java:202)
	at adt.bst.BSTImpl.size(BSTImpl.java:202)
	at adt.bst.BSTImpl.size(BSTImpl.java:201)
	at adt.bst.BSTImpl.size(BSTImpl.java:202)
	at adt.bst.BSTImpl.size(BSTImpl.java:202)
	at adt.bst.BSTImpl.size(BSTImpl.java:201)
	at adt.bst.BSTImpl.size(BSTImpl.java:202)
	at adt.bst.BSTImpl.size(BSTImpl.java:202)
	at adt.bst.BSTImpl.size(BSTImpl.java:201)
	at adt.bst.BSTImpl.size(BSTImpl.java:202)
	at adt.bst.BSTImpl.size(BSTImpl.java:202)
	at adt.bst.BSTImpl.size(BSTImpl.java:201)
	at adt.bst.BSTImpl.size(BSTImpl.java:202)
	at adt.bst.BSTImpl.size(BSTImpl.java:202)
	at adt.bst.BSTImpl.size(BSTImpl.java:201)
	at adt.bst.BSTImpl.size(BSTImpl.java:202)
	at adt.bst.BSTImpl.size(BSTImpl.java:202)
	at adt.bst.BSTImpl.size(BSTImpl.java:201)
	at adt.bst.BSTImpl.size(BSTImpl.java:202)
	at adt.bst.BSTImpl.size(BSTImpl.java:202)
	at adt.bst.BSTImpl.size(BSTImpl.java:201)
	at adt.bst.BSTImpl.size(BSTImpl.java:202)
	at adt.bst.BSTImpl.size(BSTImpl.java:202)
	at adt.bst.BSTImpl.size(BSTImpl.java:201)
	at adt.bst.BSTImpl.size(BSTImpl.java:202)
	at adt.bst.BSTImpl.size(BSTImpl.java:202)
	at adt.bst.BSTImpl.size(BSTImpl.java:201)
	at adt.bst.BSTImpl.size(BSTImpl.java:202)
	at adt.bst.BSTImpl.size(BSTImpl.java:202)
	at adt.bst.BSTImpl.size(BSTImpl.java:201)
	at adt.bst.BSTImpl.size(BSTImpl.java:202)
	at adt.bst.BSTImpl.size(BSTImpl.java:202)
	at adt.bst.BSTImpl.size(BSTImpl.java:201)
	at adt.bst.BSTImpl.size(BSTImpl.java:202)
	at adt.bst.BSTImpl.size(BSTImpl.java:202)
	at adt.bst.BSTImpl.size(BSTImpl.java:201)
	at adt.bst.BSTImpl.size(BSTImpl.java:202)
	at adt.bst.BSTImpl.size(BSTImpl.java:202)
	at adt.bst.BSTImpl.size(BSTImpl.java:201)
	at adt.bst.BSTImpl.size(BSTImpl.java:202)
	at adt.bst.BSTImpl.size(BSTImpl.java:202)
	at adt.bst.BSTImpl.size(BSTImpl.java:201)
	at adt.bst.BSTImpl.size(BSTImpl.java:202)
	at adt.bst.BSTImpl.size(BSTImpl.java:202)
	at adt.bst.BSTImpl.size(BSTImpl.java:201)
	at adt.bst.BSTImpl.size(BSTImpl.java:202)
	at adt.bst.BSTImpl.size(BSTImpl.java:202)
	at adt.bst.BSTImpl.size(BSTImpl.java:201)
	at adt.bst.BSTImpl.size(BSTImpl.java:202)
	at adt.bst.BSTImpl.size(BSTImpl.java:202)
	at adt.bst.BSTImpl.size(BSTImpl.java:201)
	at adt.bst.BSTImpl.size(BSTImpl.java:202)
	at adt.bst.BSTImpl.size(BSTImpl.java:202)
	at adt.bst.BSTImpl.size(BSTImpl.java:201)
	at adt.bst.BSTImpl.size(BSTImpl.java:202)
	at adt.bst.BSTImpl.size(BSTImpl.java:202)
	at adt.bst.BSTImpl.size(BSTImpl.java:201)
	at adt.bst.BSTImpl.size(BSTImpl.java:202)
	at adt.bst.BSTImpl.size(BSTImpl.java:202)
	at adt.bst.BSTImpl.size(BSTImpl.java:201)
	at adt.bst.BSTImpl.size(BSTImpl.java:202)
	at adt.bst.BSTImpl.size(BSTImpl.java:202)
	at adt.bst.BSTImpl.size(BSTImpl.java:201)
	at adt.bst.BSTImpl.size(BSTImpl.java:202)
	at adt.bst.BSTImpl.size(BSTImpl.java:202)
	at adt.bst.BSTImpl.size(BSTImpl.java:201)
	at adt.bst.BSTImpl.size(BSTImpl.java:202)
	at adt.bst.BSTImpl.size(BSTImpl.java:202)
	at adt.bst.BSTImpl.size(BSTImpl.java:201)
	at adt.bst.BSTImpl.size(BSTImpl.java:202)
	at adt.bst.BSTImpl.size(BSTImpl.java:202)
	at adt.bst.BSTImpl.size(BSTImpl.java:201)
	at adt.bst.BSTImpl.size(BSTImpl.java:202)
	at adt.bst.BSTImpl.size(BSTImpl.java:202)
	at adt.bst.BSTImpl.size(BSTImpl.java:201)
	at adt.bst.BSTImpl.size(BSTImpl.java:202)
	at adt.bst.BSTImpl.size(BSTImpl.java:202)
	at adt.bst.BSTImpl.size(BSTImpl.java:201)
	at adt.bst.BSTImpl.size(BSTImpl.java:202)
	at adt.bst.BSTImpl.size(BSTImpl.java:202)
	at adt.bst.BSTImpl.size(BSTImpl.java:201)
	at adt.bst.BSTImpl.size(BSTImpl.java:202)
	at adt.bst.BSTImpl.size(BSTImpl.java:202)
	at adt.bst.BSTImpl.size(BSTImpl.java:201)
	at adt.bst.BSTImpl.size(BSTImpl.java:202)
	at adt.bst.BSTImpl.size(BSTImpl.java:202)
	at adt.bst.BSTImpl.size(BSTImpl.java:201)
	at adt.bst.BSTImpl.size(BSTImpl.java:202)
	at adt.bst.BSTImpl.size(BSTImpl.java:202)
	at adt.bst.BSTImpl.size(BSTImpl.java:201)
	at adt.bst.BSTImpl.size(BSTImpl.java:202)
	at adt.bst.BSTImpl.size(BSTImpl.java:202)
	at adt.bst.BSTImpl.size(BSTImpl.java:201)
	at adt.bst.BSTImpl.size(BSTImpl.java:202)
	at adt.bst.BSTImpl.size(BSTImpl.java:202)
	at adt.bst.BSTImpl.size(BSTImpl.java:201)
	at adt.bst.BSTImpl.size(BSTImpl.java:202)
	at adt.bst.BSTImpl.size(BSTImpl.java:202)
	at adt.bst.BSTImpl.size(BSTImpl.java:201)
	at adt.bst.BSTImpl.size(BSTImpl.java:202)
	at adt.bst.BSTImpl.size(BSTImpl.java:202)
	at adt.bst.BSTImpl.size(BSTImpl.java:201)
	at adt.bst.BSTImpl.size(BSTImpl.java:202)
	at adt.bst.BSTImpl.size(BSTImpl.java:202)
	at adt.bst.BSTImpl.size(BSTImpl.java:201)
	at adt.bst.BSTImpl.size(BSTImpl.java:202)
	at adt.bst.BSTImpl.size(BSTImpl.java:202)
	at adt.bst.BSTImpl.size(BSTImpl.java:201)
	at adt.bst.BSTImpl.size(BSTImpl.java:202)
	at adt.bst.BSTImpl.size(BSTImpl.java:202)
	at adt.bst.BSTImpl.size(BSTImpl.java:201)
	at adt.bst.BSTImpl.size(BSTImpl.java:202)
	at adt.bst.BSTImpl.size(BSTImpl.java:202)
	at adt.bst.BSTImpl.size(BSTImpl.java:201)
	at adt.bst.BSTImpl.size(BSTImpl.java:202)
	at adt.bst.BSTImpl.size(BSTImpl.java:202)
	at adt.bst.BSTImpl.size(BSTImpl.java:201)
	at adt.bst.BSTImpl.size(BSTImpl.java:202)
	at adt.bst.BSTImpl.size(BSTImpl.java:202)
	at adt.bst.BSTImpl.size(BSTImpl.java:201)
	at adt.bst.BSTImpl.size(BSTImpl.java:202)
	at adt.bst.BSTImpl.size(BSTImpl.java:202)
	at adt.bst.BSTImpl.size(BSTImpl.java:201)
	at adt.bst.BSTImpl.size(BSTImpl.java:202)
	at adt.bst.BSTImpl.size(BSTImpl.java:202)
	at adt.bst.BSTImpl.size(BSTImpl.java:201)
	at adt.bst.BSTImpl.size(BSTImpl.java:202)
	at adt.bst.BSTImpl.size(BSTImpl.java:202)
	at adt.bst.BSTImpl.size(BSTImpl.java:201)
	at adt.bst.BSTImpl.size(BSTImpl.java:202)
	at adt.bst.BSTImpl.size(BSTImpl.java:202)
	at adt.bst.BSTImpl.size(BSTImpl.java:201)
	at adt.bst.BSTImpl.size(BSTImpl.java:202)
	at adt.bst.BSTImpl.size(BSTImpl.java:202)
	at adt.bst.BSTImpl.size(BSTImpl.java:201)
	at adt.bst.BSTImpl.size(BSTImpl.java:202)
	at adt.bst.BSTImpl.size(BSTImpl.java:202)
	at adt.bst.BSTImpl.size(BSTImpl.java:201)
	at adt.bst.BSTImpl.size(BSTImpl.java:202)
	at adt.bst.BSTImpl.size(BSTImpl.java:202)
	at adt.bst.BSTImpl.size(BSTImpl.java:201)
	at adt.bst.BSTImpl.size(BSTImpl.java:202)
	at adt.bst.BSTImpl.size(BSTImpl.java:202)
	at adt.bst.BSTImpl.size(BSTImpl.java:201)
	at adt.bst.BSTImpl.size(BSTImpl.java:202)
	at adt.bst.BSTImpl.size(BSTImpl.java:202)
	at adt.bst.BSTImpl.size(BSTImpl.java:201)
	at adt.bst.BSTImpl.size(BSTImpl.java:202)
	at adt.bst.BSTImpl.size(BSTImpl.java:202)
	at adt.bst.BSTImpl.size(BSTImpl.java:201)
	at adt.bst.BSTImpl.size(BSTImpl.java:202)
	at adt.bst.BSTImpl.size(BSTImpl.java:202)
	at adt.bst.BSTImpl.size(BSTImpl.java:201)
	at adt.bst.BSTImpl.size(BSTImpl.java:202)
	at adt.bst.BSTImpl.size(BSTImpl.java:202)
	at adt.bst.BSTImpl.size(BSTImpl.java:201)
	at adt.bst.BSTImpl.size(BSTImpl.java:202)
	at adt.bst.BSTImpl.size(BSTImpl.java:202)
	at adt.bst.BSTImpl.size(BSTImpl.java:201)
	at adt.bst.BSTImpl.size(BSTImpl.java:202)
	at adt.bst.BSTImpl.size(BSTImpl.java:202)
	at adt.bst.BSTImpl.size(BSTImpl.java:201)
	at adt.bst.BSTImpl.size(BSTImpl.java:202)
	at adt.bst.BSTImpl.size(BSTImpl.java:202)
	at adt.bst.BSTImpl.size(BSTImpl.java:201)
	at adt.bst.BSTImpl.size(BSTImpl.java:202)
	at adt.bst.BSTImpl.size(BSTImpl.java:202)
	at adt.bst.BSTImpl.size(BSTImpl.java:201)
	at adt.bst.BSTImpl.size(BSTImpl.java:202)
	at adt.bst.BSTImpl.size(BSTImpl.java:202)
	at adt.bst.BSTImpl.size(BSTImpl.java:201)
	at adt.bst.BSTImpl.size(BSTImpl.java:202)
	at adt.bst.BSTImpl.size(BSTImpl.java:202)
	at adt.bst.BSTImpl.size(BSTImpl.java:201)
	at adt.bst.BSTImpl.size(BSTImpl.java:202)
	at adt.bst.BSTImpl.size(BSTImpl.java:202)
	at adt.bst.BSTImpl.size(BSTImpl.java:201)
	at adt.bst.BSTImpl.size(BSTImpl.java:202)
	at adt.bst.BSTImpl.size(BSTImpl.java:202)
	at adt.bst.BSTImpl.size(BSTImpl.java:201)
	at adt.bst.BSTImpl.size(BSTImpl.java:202)
	at adt.bst.BSTImpl.size(BSTImpl.java:202)
	at adt.bst.BSTImpl.size(BSTImpl.java:201)
	at adt.bst.BSTImpl.size(BSTImpl.java:202)
	at adt.bst.BSTImpl.size(BSTImpl.java:202)
	at adt.bst.BSTImpl.size(BSTImpl.java:201)
	at adt.bst.BSTImpl.size(BSTImpl.java:202)
	at adt.bst.BSTImpl.size(BSTImpl.java:202)
	at adt.bst.BSTImpl.size(BSTImpl.java:201)
	at adt.bst.BSTImpl.size(BSTImpl.java:202)
	at adt.bst.BSTImpl.size(BSTImpl.java:202)
	at adt.bst.BSTImpl.size(BSTImpl.java:201)
	at adt.bst.BSTImpl.size(BSTImpl.java:202)
	at adt.bst.BSTImpl.size(BSTImpl.java:202)
	at adt.bst.BSTImpl.size(BSTImpl.java:201)
	at adt.bst.BSTImpl.size(BSTImpl.java:202)
	at adt.bst.BSTImpl.size(BSTImpl.java:202)
	at adt.bst.BSTImpl.size(BSTImpl.java:201)
	at adt.bst.BSTImpl.size(BSTImpl.java:202)
	at adt.bst.BSTImpl.size(BSTImpl.java:202)
	at adt.bst.BSTImpl.size(BSTImpl.java:201)
	at adt.bst.BSTImpl.size(BSTImpl.java:202)
	at adt.bst.BSTImpl.size(BSTImpl.java:202)
	at adt.bst.BSTImpl.size(BSTImpl.java:201)
	at adt.bst.BSTImpl.size(BSTImpl.java:202)
	at adt.bst.BSTImpl.size(BSTImpl.java:202)
	at adt.bst.BSTImpl.size(BSTImpl.java:201)
	at adt.bst.BSTImpl.size(BSTImpl.java:202)
	at adt.bst.BSTImpl.size(BSTImpl.java:202)
	at adt.bst.BSTImpl.size(BSTImpl.java:201)
	at adt.bst.BSTImpl.size(BSTImpl.java:202)
	at adt.bst.BSTImpl.size(BSTImpl.java:202)
	at adt.bst.BSTImpl.size(BSTImpl.java:201)
	at adt.bst.BSTImpl.size(BSTImpl.java:202)
	at adt.bst.BSTImpl.size(BSTImpl.java:202)
	at adt.bst.BSTImpl.size(BSTImpl.java:201)
	at adt.bst.BSTImpl.size(BSTImpl.java:202)
	at adt.bst.BSTImpl.size(BSTImpl.java:202)
	at adt.bst.BSTImpl.size(BSTImpl.java:201)
	at adt.bst.BSTImpl.size(BSTImpl.java:202)
	at adt.bst.BSTImpl.size(BSTImpl.java:202)
	at adt.bst.BSTImpl.size(BSTImpl.java:201)
	at adt.bst.BSTImpl.size(BSTImpl.java:202)
	at adt.bst.BSTImpl.size(BSTImpl.java:202)
	at adt.bst.BSTImpl.size(BSTImpl.java:201)
	at adt.bst.BSTImpl.size(BSTImpl.java:202)
	at adt.bst.BSTImpl.size(BSTImpl.java:202)
	at adt.bst.BSTImpl.size(BSTImpl.java:201)
	at adt.bst.BSTImpl.size(BSTImpl.java:202)
	at adt.bst.BSTImpl.size(BSTImpl.java:202)
	at adt.bst.BSTImpl.size(BSTImpl.java:201)
	at adt.bst.BSTImpl.size(BSTImpl.java:202)
	at adt.bst.BSTImpl.size(BSTImpl.java:202)
	at adt.bst.BSTImpl.size(BSTImpl.java:201)
	at adt.bst.BSTImpl.size(BSTImpl.java:202)
	at adt.bst.BSTImpl.size(BSTImpl.java:202)
	at adt.bst.BSTImpl.size(BSTImpl.java:201)
	at adt.bst.BSTImpl.size(BSTImpl.java:202)
	at adt.bst.BSTImpl.size(BSTImpl.java:202)
	at adt.bst.BSTImpl.size(BSTImpl.java:201)
	at adt.bst.BSTImpl.size(BSTImpl.java:202)
	at adt.bst.BSTImpl.size(BSTImpl.java:202)
	at adt.bst.BSTImpl.size(BSTImpl.java:201)
	at adt.bst.BSTImpl.size(BSTImpl.java:202)
	at adt.bst.BSTImpl.size(BSTImpl.java:202)
	at adt.bst.BSTImpl.size(BSTImpl.java:201)
	at adt.bst.BSTImpl.size(BSTImpl.java:202)
	at adt.bst.BSTImpl.size(BSTImpl.java:202)
	at adt.bst.BSTImpl.size(BSTImpl.java:201)
	at adt.bst.BSTImpl.size(BSTImpl.java:202)
	at adt.bst.BSTImpl.size(BSTImpl.java:202)
	at adt.bst.BSTImpl.size(BSTImpl.java:201)
	at adt.bst.BSTImpl.size(BSTImpl.java:202)
	at adt.bst.BSTImpl.size(BSTImpl.java:202)
	at adt.bst.BSTImpl.size(BSTImpl.java:201)
	at adt.bst.BSTImpl.size(BSTImpl.java:202)
	at adt.bst.BSTImpl.size(BSTImpl.java:202)
	at adt.bst.BSTImpl.size(BSTImpl.java:201)
	at adt.bst.BSTImpl.size(BSTImpl.java:202)
	at adt.bst.BSTImpl.size(BSTImpl.java:202)
	at adt.bst.BSTImpl.size(BSTImpl.java:201)
	at adt.bst.BSTImpl.size(BSTImpl.java:202)
	at adt.bst.BSTImpl.size(BSTImpl.java:202)
	at adt.bst.BSTImpl.size(BSTImpl.java:201)
	at adt.bst.BSTImpl.size(BSTImpl.java:202)
	at adt.bst.BSTImpl.size(BSTImpl.java:202)
	at adt.bst.BSTImpl.size(BSTImpl.java:201)
	at adt.bst.BSTImpl.size(BSTImpl.java:202)
	at adt.bst.BSTImpl.size(BSTImpl.java:202)
	at adt.bst.BSTImpl.size(BSTImpl.java:201)
	at adt.bst.BSTImpl.size(BSTImpl.java:202)
	at adt.bst.BSTImpl.size(BSTImpl.java:202)
	at adt.bst.BSTImpl.size(BSTImpl.java:201)
	at adt.bst.BSTImpl.size(BSTImpl.java:202)
	at adt.bst.BSTImpl.size(BSTImpl.java:202)
	at adt.bst.BSTImpl.size(BSTImpl.java:201)
	at adt.bst.BSTImpl.size(BSTImpl.java:202)
	at adt.bst.BSTImpl.size(BSTImpl.java:202)
	at adt.bst.BSTImpl.size(BSTImpl.java:201)
	at adt.bst.BSTImpl.size(BSTImpl.java:202)
	at adt.bst.BSTImpl.size(BSTImpl.java:202)
	at adt.bst.BSTImpl.size(BSTImpl.java:201)
	at adt.bst.BSTImpl.size(BSTImpl.java:202)
	at adt.bst.BSTImpl.size(BSTImpl.java:202)
	at adt.bst.BSTImpl.size(BSTImpl.java:201)
	at adt.bst.BSTImpl.size(BSTImpl.java:202)
	at adt.bst.BSTImpl.size(BSTImpl.java:202)
	at adt.bst.BSTImpl.size(BSTImpl.java:201)
	at adt.bst.BSTImpl.size(BSTImpl.java:202)
	at adt.bst.BSTImpl.size(BSTImpl.java:202)
	at adt.bst.BSTImpl.size(BSTImpl.java:201)
	at adt.bst.BSTImpl.size(BSTImpl.java:202)
	at adt.bst.BSTImpl.size(BSTImpl.java:202)
	at adt.bst.BSTImpl.size(BSTImpl.java:201)
	at adt.bst.BSTImpl.size(BSTImpl.java:202)
	at adt.bst.BSTImpl.size(BSTImpl.java:202)
	at adt.bst.BSTImpl.size(BSTImpl.java:201)
	at adt.bst.BSTImpl.size(BSTImpl.java:202)
	at adt.bst.BSTImpl.size(BSTImpl.java:202)
	at adt.bst.BSTImpl.size(BSTImpl.java:201)
	at adt.bst.BSTImpl.size(BSTImpl.java:202)
	at adt.bst.BSTImpl.size(BSTImpl.java:202)
	at adt.bst.BSTImpl.size(BSTImpl.java:201)
	at adt.bst.BSTImpl.size(BSTImpl.java:202)
	at adt.bst.BSTImpl.size(BSTImpl.java:202)
	at adt.bst.BSTImpl.size(BSTImpl.java:201)
	at adt.bst.BSTImpl.size(BSTImpl.java:202)
	at adt.bst.BSTImpl.size(BSTImpl.java:202)
	at adt.bst.BSTImpl.size(BSTImpl.java:201)
	at adt.bst.BSTImpl.size(BSTImpl.java:202)
	at adt.bst.BSTImpl.size(BSTImpl.java:202)
	at adt.bst.BSTImpl.size(BSTImpl.java:201)
	at adt.bst.BSTImpl.size(BSTImpl.java:202)
	at adt.bst.BSTImpl.size(BSTImpl.java:202)
	at adt.bst.BSTImpl.size(BSTImpl.java:201)
	at adt.bst.BSTImpl.size(BSTImpl.java:202)
	at adt.bst.BSTImpl.size(BSTImpl.java:202)
	at adt.bst.BSTImpl.size(BSTImpl.java:201)
	at adt.bst.BSTImpl.size(BSTImpl.java:202)
	at adt.bst.BSTImpl.size(BSTImpl.java:202)
	at adt.bst.BSTImpl.size(BSTImpl.java:201)
	at adt.bst.BSTImpl.size(BSTImpl.java:202)
	at adt.bst.BSTImpl.size(BSTImpl.java:202)
	at adt.bst.BSTImpl.size(BSTImpl.java:201)
	at adt.bst.BSTImpl.size(BSTImpl.java:202)
	at adt.bst.BSTImpl.size(BSTImpl.java:202)
	at adt.bst.BSTImpl.size(BSTImpl.java:201)
	at adt.bst.BSTImpl.size(BSTImpl.java:202)
	at adt.bst.BSTImpl.size(BSTImpl.java:202)
	at adt.bst.BSTImpl.size(BSTImpl.java:201)
	at adt.bst.BSTImpl.size(BSTImpl.java:202)
	at adt.bst.BSTImpl.size(BSTImpl.java:202)
	at adt.bst.BSTImpl.size(BSTImpl.java:201)
	at adt.bst.BSTImpl.size(BSTImpl.java:202)
	at adt.bst.BSTImpl.size(BSTImpl.java:202)
	at adt.bst.BSTImpl.size(BSTImpl.java:201)
	at adt.bst.BSTImpl.size(BSTImpl.java:202)
	at adt.bst.BSTImpl.size(BSTImpl.java:202)
	at adt.bst.BSTImpl.size(BSTImpl.java:201)
	at adt.bst.BSTImpl.size(BSTImpl.java:202)
	at adt.bst.BSTImpl.size(BSTImpl.java:202)
	at adt.bst.BSTImpl.size(BSTImpl.java:201)
	at adt.bst.BSTImpl.size(BSTImpl.java:202)
	at adt.bst.BSTImpl.size(BSTImpl.java:202)
	at adt.bst.BSTImpl.size(BSTImpl.java:201)
	at adt.bst.BSTImpl.size(BSTImpl.java:202)
	at adt.bst.BSTImpl.size(BSTImpl.java:202)
	at adt.bst.BSTImpl.size(BSTImpl.java:201)
	at adt.bst.BSTImpl.size(BSTImpl.java:202)
	at adt.bst.BSTImpl.size(BSTImpl.java:202)
	at adt.bst.BSTImpl.size(BSTImpl.java:201)
	at adt.bst.BSTImpl.size(BSTImpl.java:202)
	at adt.bst.BSTImpl.size(BSTImpl.java:202)
	at adt.bst.BSTImpl.size(BSTImpl.java:201)
	at adt.bst.BSTImpl.size(BSTImpl.java:202)
	at adt.bst.BSTImpl.size(BSTImpl.java:202)
	at adt.bst.BSTImpl.size(BSTImpl.java:201)
	at adt.bst.BSTImpl.size(BSTImpl.java:202)
	at adt.bst.BSTImpl.size(BSTImpl.java:202)
	at adt.bst.BSTImpl.size(BSTImpl.java:201)
	at adt.bst.BSTImpl.size(BSTImpl.java:202)
	at adt.bst.BSTImpl.size(BSTImpl.java:202)
	at adt.bst.BSTImpl.size(BSTImpl.java:201)
	at adt.bst.BSTImpl.size(BSTImpl.java:202)
	at adt.bst.BSTImpl.size(BSTImpl.java:202)
	at adt.bst.BSTImpl.size(BSTImpl.java:201)
	at adt.bst.BSTImpl.size(BSTImpl.java:202)
	at adt.bst.BSTImpl.size(BSTImpl.java:202)
	at adt.bst.BSTImpl.size(BSTImpl.java:201)
	at adt.bst.BSTImpl.size(BSTImpl.java:202)
	at adt.bst.BSTImpl.size(BSTImpl.java:202)
	at adt.bst.BSTImpl.size(BSTImpl.java:201)
	at adt.bst.BSTImpl.size(BSTImpl.java:202)
	at adt.bst.BSTImpl.size(BSTImpl.java:202)
	at adt.bst.BSTImpl.size(BSTImpl.java:201)
	at adt.bst.BSTImpl.size(BSTImpl.java:202)
	at adt.bst.BSTImpl.size(BSTImpl.java:202)
	at adt.bst.BSTImpl.size(BSTImpl.java:201)
	at adt.bst.BSTImpl.size(BSTImpl.java:202)
	at adt.bst.BSTImpl.size(BSTImpl.java:202)
	at adt.bst.BSTImpl.size(BSTImpl.java:201)
	at adt.bst.BSTImpl.size(BSTImpl.java:202)
	at adt.bst.BSTImpl.size(BSTImpl.java:202)
	at adt.bst.BSTImpl.size(BSTImpl.java:201)
	at adt.bst.BSTImpl.size(BSTImpl.java:202)
	at adt.bst.BSTImpl.size(BSTImpl.java:202)
	at adt.bst.BSTImpl.size(BSTImpl.java:201)
	at adt.bst.BSTImpl.size(BSTImpl.java:202)
	at adt.bst.BSTImpl.size(BSTImpl.java:202)
	at adt.bst.BSTImpl.size(BSTImpl.java:201)
	at adt.bst.BSTImpl.size(BSTImpl.java:202)
	at adt.bst.BSTImpl.size(BSTImpl.java:202)
	at adt.bst.BSTImpl.size(BSTImpl.java:201)
	at adt.bst.BSTImpl.size(BSTImpl.java:202)
	at adt.bst.BSTImpl.size(BSTImpl.java:202)
	at adt.bst.BSTImpl.size(BSTImpl.java:201)
	at adt.bst.BSTImpl.size(BSTImpl.java:202)
	at adt.bst.BSTImpl.size(BSTImpl.java:202)
	at adt.bst.BSTImpl.size(BSTImpl.java:201)
	at adt.bst.BSTImpl.size(BSTImpl.java:202)
	at adt.bst.BSTImpl.size(BSTImpl.java:202)
	at adt.bst.BSTImpl.size(BSTImpl.java:201)
	at adt.bst.BSTImpl.size(BSTImpl.java:202)
	at adt.bst.BSTImpl.size(BSTImpl.java:202)
	at adt.bst.BSTImpl.size(BSTImpl.java:201)
	at adt.bst.BSTImpl.size(BSTImpl.java:202)
	at adt.bst.BSTImpl.size(BSTImpl.java:202)
	at adt.bst.BSTImpl.size(BSTImpl.java:201)
	at adt.bst.BSTImpl.size(BSTImpl.java:202)
	at adt.bst.BSTImpl.size(BSTImpl.java:202)
	at adt.bst.BSTImpl.size(BSTImpl.java:201)
	at adt.bst.BSTImpl.size(BSTImpl.java:202)
	at adt.bst.BSTImpl.size(BSTImpl.java:202)
	at adt.bst.BSTImpl.size(BSTImpl.java:201)
	at adt.bst.BSTImpl.size(BSTImpl.java:202)
	at adt.bst.BSTImpl.size(BSTImpl.java:202)
	at adt.bst.BSTImpl.size(BSTImpl.java:201)
	at adt.bst.BSTImpl.size(BSTImpl.java:202)
	at adt.bst.BSTImpl.size(BSTImpl.java:202)
	at adt.bst.BSTImpl.size(BSTImpl.java:201)
	at adt.bst.BSTImpl.size(BSTImpl.java:202)
	at adt.bst.BSTImpl.size(BSTImpl.java:202)
	at adt.bst.BSTImpl.size(BSTImpl.java:201)
	at adt.bst.BSTImpl.size(BSTImpl.java:202)
	at adt.bst.BSTImpl.size(BSTImpl.java:202)
	at adt.bst.BSTImpl.size(BSTImpl.java:201)
	at adt.bst.BSTImpl.size(BSTImpl.java:202)
	at adt.bst.BSTImpl.size(BSTImpl.java:202)
	at adt.bst.BSTImpl.size(BSTImpl.java:201)
	at adt.bst.BSTImpl.size(BSTImpl.java:202)
	at adt.bst.BSTImpl.size(BSTImpl.java:202)
	at adt.bst.BSTImpl.size(BSTImpl.java:201)
	at adt.bst.BSTImpl.size(BSTImpl.java:202)
	at adt.bst.BSTImpl.size(BSTImpl.java:202)
	at adt.bst.BSTImpl.size(BSTImpl.java:201)
	at adt.bst.BSTImpl.size(BSTImpl.java:202)
	at adt.bst.BSTImpl.size(BSTImpl.java:202)
	at adt.bst.BSTImpl.size(BSTImpl.java:201)
	at adt.bst.BSTImpl.size(BSTImpl.java:202)
	at adt.bst.BSTImpl.size(BSTImpl.java:202)
	at adt.bst.BSTImpl.size(BSTImpl.java:201)
	at adt.bst.BSTImpl.size(BSTImpl.java:202)
	at adt.bst.BSTImpl.size(BSTImpl.java:202)
	at adt.bst.BSTImpl.size(BSTImpl.java:201)
	at adt.bst.BSTImpl.size(BSTImpl.java:202)
	at adt.bst.BSTImpl.size(BSTImpl.java:202)
	at adt.bst.BSTImpl.size(BSTImpl.java:201)
	at adt.bst.BSTImpl.size(BSTImpl.java:202)
	at adt.bst.BSTImpl.size(BSTImpl.java:202)
	at adt.bst.BSTImpl.size(BSTImpl.java:201)
	at adt.bst.BSTImpl.size(BSTImpl.java:202)
	at adt.bst.BSTImpl.size(BSTImpl.java:202)
	at adt.bst.BSTImpl.size(BSTImpl.java:201)
	at adt.bst.BSTImpl.size(BSTImpl.java:202)
	at adt.bst.BSTImpl.size(BSTImpl.java:202)
	at adt.bst.BSTImpl.size(BSTImpl.java:201)
	at adt.bst.BSTImpl.size(BSTImpl.java:202)
	at adt.bst.BSTImpl.size(BSTImpl.java:202)
	at adt.bst.BSTImpl.size(BSTImpl.java:201)
	at adt.bst.BSTImpl.size(BSTImpl.java:202)
	at adt.bst.BSTImpl.size(BSTImpl.java:202)
	at adt.bst.BSTImpl.size(BSTImpl.java:201)
	at adt.bst.BSTImpl.size(BSTImpl.java:202)
	at adt.bst.BSTImpl.size(BSTImpl.java:202)
	at adt.bst.BSTImpl.size(BSTImpl.java:201)
	at adt.bst.BSTImpl.size(BSTImpl.java:202)
	at adt.bst.BSTImpl.size(BSTImpl.java:202)
	at adt.bst.BSTImpl.size(BSTImpl.java:201)
	at adt.bst.BSTImpl.size(BSTImpl.java:202)
	at adt.bst.BSTImpl.size(BSTImpl.java:202)
	at adt.bst.BSTImpl.size(BSTImpl.java:201)
	at adt.bst.BSTImpl.size(BSTImpl.java:202)
	at adt.bst.BSTImpl.size(BSTImpl.java:202)
	at adt.bst.BSTImpl.size(BSTImpl.java:201)
	at adt.bst.BSTImpl.size(BSTImpl.java:202)
	at adt.bst.BSTImpl.size(BSTImpl.java:202)
	at adt.bst.BSTImpl.size(BSTImpl.java:201)
	at adt.bst.BSTImpl.size(BSTImpl.java:202)
	at adt.bst.BSTImpl.size(BSTImpl.java:202)
	at adt.bst.BSTImpl.size(BSTImpl.java:201)
	at adt.bst.BSTImpl.size(BSTImpl.java:202)
	at adt.bst.BSTImpl.size(BSTImpl.java:202)
	at adt.bst.BSTImpl.size(BSTImpl.java:201)
	at adt.bst.BSTImpl.size(BSTImpl.java:202)
	at adt.bst.BSTImpl.size(BSTImpl.java:202)
	at adt.bst.BSTImpl.size(BSTImpl.java:201)
	at adt.bst.BSTImpl.size(BSTImpl.java:202)
	at adt.bst.BSTImpl.size(BSTImpl.java:202)
	at adt.bst.BSTImpl.size(BSTImpl.java:201)
	at adt.bst.BSTImpl.size(BSTImpl.java:202)
	at adt.bst.BSTImpl.size(BSTImpl.java:202)
	at adt.bst.BSTImpl.size(BSTImpl.java:201)
	at adt.bst.BSTImpl.size(BSTImpl.java:202)
	at adt.bst.BSTImpl.size(BSTImpl.java:202)
	at adt.bst.BSTImpl.size(BSTImpl.java:201)
	at adt.bst.BSTImpl.size(BSTImpl.java:202)
	at adt.bst.BSTImpl.size(BSTImpl.java:202)
	at adt.bst.BSTImpl.size(BSTImpl.java:201)
	at adt.bst.BSTImpl.size(BSTImpl.java:202)
	at adt.bst.BSTImpl.size(BSTImpl.java:202)
	at adt.bst.BSTImpl.size(BSTImpl.java:201)
	at adt.bst.BSTImpl.size(BSTImpl.java:202)
	at adt.bst.BSTImpl.size(BSTImpl.java:202)
	at adt.bst.BSTImpl.size(BSTImpl.java:201)
	at adt.bst.BSTImpl.size(BSTImpl.java:202)
	at adt.bst.BSTImpl.size(BSTImpl.java:202)
	at adt.bst.BSTImpl.size(BSTImpl.java:201)
	at adt.bst.BSTImpl.size(BSTImpl.java:202)
	at adt.bst.BSTImpl.size(BSTImpl.java:202)
	at adt.bst.BSTImpl.size(BSTImpl.java:201)
	at adt.bst.BSTImpl.size(BSTImpl.java:202)
	at adt.bst.BSTImpl.size(BSTImpl.java:202)
	at adt.bst.BSTImpl.size(BSTImpl.java:201)
	at adt.bst.BSTImpl.size(BSTImpl.java:202)
	at adt.bst.BSTImpl.size(BSTImpl.java:202)
	at adt.bst.BSTImpl.size(BSTImpl.java:201)
	at adt.bst.BSTImpl.size(BSTImpl.java:202)
	at adt.bst.BSTImpl.size(BSTImpl.java:202)
	at adt.bst.BSTImpl.size(BSTImpl.java:201)
	at adt.bst.BSTImpl.size(BSTImpl.java:202)
	at adt.bst.BSTImpl.size(BSTImpl.java:202)
	at adt.bst.BSTImpl.size(BSTImpl.java:201)
	at adt.bst.BSTImpl.size(BSTImpl.java:202)
	at adt.bst.BSTImpl.size(BSTImpl.java:202)
	at adt.bst.BSTImpl.size(BSTImpl.java:201)
	at adt.bst.BSTImpl.size(BSTImpl.java:202)
	at adt.bst.BSTImpl.size(BSTImpl.java:202)
	at adt.bst.BSTImpl.size(BSTImpl.java:201)
	at adt.bst.BSTImpl.size(BSTImpl.java:202)
	at adt.bst.BSTImpl.size(BSTImpl.java:202)
	at adt.bst.BSTImpl.size(BSTImpl.java:201)
	at adt.bst.BSTImpl.size(BSTImpl.java:202)
	at adt.bst.BSTImpl.size(BSTImpl.java:202)
	at adt.bst.BSTImpl.size(BSTImpl.java:201)
	at adt.bst.BSTImpl.size(BSTImpl.java:202)
	at adt.bst.BSTImpl.size(BSTImpl.java:202)
	at adt.bst.BSTImpl.size(BSTImpl.java:201)
	at adt.bst.BSTImpl.size(BSTImpl.java:202)
	at adt.bst.BSTImpl.size(BSTImpl.java:202)
	at adt.bst.BSTImpl.size(BSTImpl.java:201)
	at adt.bst.BSTImpl.size(BSTImpl.java:202)
	at adt.bst.BSTImpl.size(BSTImpl.java:202)
	at adt.bst.BSTImpl.size(BSTImpl.java:201)
	at adt.bst.BSTImpl.size(BSTImpl.java:202)
	at adt.bst.BSTImpl.size(BSTImpl.java:202)
	at adt.bst.BSTImpl.size(BSTImpl.java:201)
	at adt.bst.BSTImpl.size(BSTImpl.java:202)
	at adt.bst.BSTImpl.size(BSTImpl.java:202)
	at adt.bst.BSTImpl.size(BSTImpl.java:201)
	at adt.bst.BSTImpl.size(BSTImpl.java:202)
	at adt.bst.BSTImpl.size(BSTImpl.java:202)
	at adt.bst.BSTImpl.size(BSTImpl.java:201)
	at adt.bst.BSTImpl.size(BSTImpl.java:202)
	at adt.bst.BSTImpl.size(BSTImpl.java:202)
	at adt.bst.BSTImpl.size(BSTImpl.java:201)
	at adt.bst.BSTImpl.size(BSTImpl.java:202)
	at adt.bst.BSTImpl.size(BSTImpl.java:202)
	at adt.bst.BSTImpl.size(BSTImpl.java:201)
	at adt.bst.BSTImpl.size(BSTImpl.java:202)
	at adt.bst.BSTImpl.size(BSTImpl.java:202)
	at adt.bst.BSTImpl.size(BSTImpl.java:201)
	at adt.bst.BSTImpl.size(BSTImpl.java:202)
	at adt.bst.BSTImpl.size(BSTImpl.java:202)
	at adt.bst.BSTImpl.size(BSTImpl.java:201)
	at adt.bst.BSTImpl.size(BSTImpl.java:202)
	at adt.bst.BSTImpl.size(BSTImpl.java:202)
	at adt.bst.BSTImpl.size(BSTImpl.java:201)
	at adt.bst.BSTImpl.size(BSTImpl.java:202)
	at adt.bst.BSTImpl.size(BSTImpl.java:202)
	at adt.bst.BSTImpl.size(BSTImpl.java:201)
	at adt.bst.BSTImpl.size(BSTImpl.java:202)
	at adt.bst.BSTImpl.size(BSTImpl.java:202)
	at adt.bst.BSTImpl.size(BSTImpl.java:201)
	at adt.bst.BSTImpl.size(BSTImpl.java:202)
	at adt.bst.BSTImpl.size(BSTImpl.java:202)
	at adt.bst.BSTImpl.size(BSTImpl.java:201)
	at adt.bst.BSTImpl.size(BSTImpl.java:202)
	at adt.bst.BSTImpl.size(BSTImpl.java:202)
	at adt.bst.BSTImpl.size(BSTImpl.java:201)
	at adt.bst.BSTImpl.size(BSTImpl.java:202)
	at adt.bst.BSTImpl.size(BSTImpl.java:202)
	at adt.bst.BSTImpl.size(BSTImpl.java:201)
	at adt.bst.BSTImpl.size(BSTImpl.java:202)
	at adt.bst.BSTImpl.size(BSTImpl.java:202)
	at adt.bst.BSTImpl.size(BSTImpl.java:201)
	at adt.bst.BSTImpl.size(BSTImpl.java:202)
	at adt.bst.BSTImpl.size(BSTImpl.java:202)
	at adt.bst.BSTImpl.size(BSTImpl.java:201)
	at adt.bst.BSTImpl.size(BSTImpl.java:202)
	at adt.bst.BSTImpl.size(BSTImpl.java:202)
	at adt.bst.BSTImpl.size(BSTImpl.java:201)
	at adt.bst.BSTImpl.size(BSTImpl.java:202)
	at adt.bst.BSTImpl.size(BSTImpl.java:202)
	at adt.bst.BSTImpl.size(BSTImpl.java:201)
	at adt.bst.BSTImpl.size(BSTImpl.java:202)
	at adt.bst.BSTImpl.size(BSTImpl.java:202)
	at adt.bst.BSTImpl.size(BSTImpl.java:201)
	at adt.bst.BSTImpl.size(BSTImpl.java:202)
	at adt.bst.BSTImpl.size(BSTImpl.java:202)
	at adt.bst.BSTImpl.size(BSTImpl.java:201)
	at adt.bst.BSTImpl.size(BSTImpl.java:202)
	at adt.bst.BSTImpl.size(BSTImpl.java:202)
	at adt.bst.BSTImpl.size(BSTImpl.java:201)
	at adt.bst.BSTImpl.size(BSTImpl.java:202)
	at adt.bst.BSTImpl.size(BSTImpl.java:202)
	at adt.bst.BSTImpl.size(BSTImpl.java:201)
	at adt.bst.BSTImpl.size(BSTImpl.java:202)
	at adt.bst.BSTImpl.size(BSTImpl.java:202)
	at adt.bst.BSTImpl.size(BSTImpl.java:201)
	at adt.bst.BSTImpl.size(BSTImpl.java:202)
	at adt.bst.BSTImpl.size(BSTImpl.java:202)
	at adt.bst.BSTImpl.size(BSTImpl.java:201)
	at adt.bst.BSTImpl.size(BSTImpl.java:202)
	at adt.bst.BSTImpl.size(BSTImpl.java:202)
	at adt.bst.BSTImpl.size(BSTImpl.java:201)
	at adt.bst.BSTImpl.size(BSTImpl.java:202)
	at adt.bst.BSTImpl.size(BSTImpl.java:202)
	at adt.bst.BSTImpl.size(BSTImpl.java:201)
	at adt.bst.BSTImpl.size(BSTImpl.java:202)
	at adt.bst.BSTImpl.size(BSTImpl.java:202)
	at adt.bst.BSTImpl.size(BSTImpl.java:201)
	at adt.bst.BSTImpl.size(BSTImpl.java:202)
	at adt.bst.BSTImpl.size(BSTImpl.java:202)
	at adt.bst.BSTImpl.size(BSTImpl.java:201)
	at adt.bst.BSTImpl.size(BSTImpl.java:202)
	at adt.bst.BSTImpl.size(BSTImpl.java:202)
	at adt.bst.BSTImpl.size(BSTImpl.java:201)
	at adt.bst.BSTImpl.size(BSTImpl.java:202)
	at adt.bst.BSTImpl.size(BSTImpl.java:202)
	at adt.bst.BSTImpl.size(BSTImpl.java:201)
	at adt.bst.BSTImpl.size(BSTImpl.java:202)
	at adt.bst.BSTImpl.size(BSTImpl.java:202)
	at adt.bst.BSTImpl.size(BSTImpl.java:201)
	at adt.bst.BSTImpl.size(BSTImpl.java:202)
	at adt.bst.BSTImpl.size(BSTImpl.java:202)
	at adt.bst.BSTImpl.size(BSTImpl.java:201)
	at adt.bst.BSTImpl.size(BSTImpl.java:202)
	at adt.bst.BSTImpl.size(BSTImpl.java:202)
	at adt.bst.BSTImpl.size(BSTImpl.java:201)
	at adt.bst.BSTImpl.size(BSTImpl.java:202)
	at adt.bst.BSTImpl.size(BSTImpl.java:202)
	at adt.bst.BSTImpl.size(BSTImpl.java:201)
	at adt.bst.BSTImpl.size(BSTImpl.java:202)
	at adt.bst.BSTImpl.size(BSTImpl.java:202)
	at adt.bst.BSTImpl.size(BSTImpl.java:201)
	at adt.bst.BSTImpl.size(BSTImpl.java:202)
	at adt.bst.BSTImpl.size(BSTImpl.java:202)
	at adt.bst.BSTImpl.size(BSTImpl.java:201)
	at adt.bst.BSTImpl.size(BSTImpl.java:202)
	at adt.bst.BSTImpl.size(BSTImpl.java:202)
	at adt.bst.BSTImpl.size(BSTImpl.java:201)
	at adt.bst.BSTImpl.size(BSTImpl.java:202)
	at adt.bst.BSTImpl.size(BSTImpl.java:202)
	at adt.bst.BSTImpl.size(BSTImpl.java:201)
	at adt.bst.BSTImpl.size(BSTImpl.java:202)
	at adt.bst.BSTImpl.size(BSTImpl.java:202)
	at adt.bst.BSTImpl.size(BSTImpl.java:201)
	at adt.bst.BSTImpl.size(BSTImpl.java:202)
	at adt.bst.BSTImpl.size(BSTImpl.java:202)
	at adt.bst.BSTImpl.size(BSTImpl.java:201)
	at adt.bst.BSTImpl.size(BSTImpl.java:202)

